<?xml version="1.0" encoding="UTF-8"?>
<!-- Generated by org.testng.reporters.JUnitReportReporter -->
<testsuite hostname="DESKTOP-2OF9A30" failures="0" tests="1" name="HotelBookingTest" time="17.913" errors="0" timestamp="5 Jul 2019 10:59:57 GMT">
  <testcase classname="HotelBookingTest" name="shouldBeAbleToSearchForHotels" time="17.913"/>
</testsuite> <!-- HotelBookingTest -->
