<?xml version="1.0" encoding="UTF-8"?>
<!-- Generated by org.testng.reporters.JUnitReportReporter -->
<testsuite hostname="DESKTOP-2OF9A30" failures="0" tests="1" name="FlightBookingTest" time="30.833" errors="0" timestamp="5 Jul 2019 16:28:21 GMT">
  <testcase classname="FlightBookingTest" name="testThatResultsAppearForAOneWayJourney" time="30.833"/>
</testsuite> <!-- FlightBookingTest -->
