<?xml version="1.0" encoding="UTF-8"?>
<!-- Generated by org.testng.reporters.JUnitReportReporter -->
<testsuite hostname="DESKTOP-2OF9A30" failures="0" tests="1" name="FlightBookingTest" time="21.132" errors="0" timestamp="5 Jul 2019 10:54:52 GMT">
  <testcase classname="FlightBookingTest" name="testThatResultsAppearForAOneWayJourney" time="21.132"/>
</testsuite> <!-- FlightBookingTest -->
