<?xml version="1.0" encoding="UTF-8"?>
<!-- Generated by org.testng.reporters.JUnitReportReporter -->
<testsuite hostname="DESKTOP-2OF9A30" failures="0" tests="1" name="SignInTest" time="34.902" errors="0" timestamp="5 Jul 2019 14:22:30 GMT">
  <testcase classname="SignInTest" name="shouldThrowAnErrorIfSignInDetailsAreMissing" time="34.902"/>
</testsuite> <!-- SignInTest -->
